2022-06-17 00:41:11.714  INFO 244541 --- [main] com.midd.core.MiddlewareApplication      : Starting MiddlewareApplication using Java 11.0.15 on daniel-Latitude-E6440 with PID 244541 (/home/daniel/TCS/Deploy/middleware_tcs_proyecto-main/Middleware/target/classes started by daniel in /home/daniel/TCS/Deploy/middleware_tcs_proyecto-main/Middleware)
2022-06-17 00:41:11.821  INFO 244541 --- [main] com.midd.core.MiddlewareApplication      : No active profile set, falling back to 1 default profile: "default"
2022-06-17 00:41:18.913  INFO 244541 --- [main] .s.d.r.c.RepositoryConfigurationDelegate : Bootstrapping Spring Data JPA repositories in DEFAULT mode.
2022-06-17 00:41:19.138  INFO 244541 --- [main] .s.d.r.c.RepositoryConfigurationDelegate : Finished Spring Data repository scanning in 212 ms. Found 12 JPA repository interfaces.
2022-06-17 00:41:20.971  INFO 244541 --- [main] trationDelegate$BeanPostProcessorChecker : Bean 'org.springframework.ws.config.annotation.DelegatingWsConfiguration' of type [org.springframework.ws.config.annotation.DelegatingWsConfiguration$$EnhancerBySpringCGLIB$$281d155e] is not eligible for getting processed by all BeanPostProcessors (for example: not eligible for auto-proxying)
2022-06-17 00:41:21.314  INFO 244541 --- [main] .w.s.a.s.AnnotationActionEndpointMapping : Supporting [WS-Addressing August 2004, WS-Addressing 1.0]
2022-06-17 00:41:23.659  INFO 244541 --- [main] o.s.b.w.embedded.tomcat.TomcatWebServer  : Tomcat initialized with port(s): 8081 (http)
2022-06-17 00:41:23.712  INFO 244541 --- [main] o.apache.catalina.core.StandardService   : Starting service [Tomcat]
2022-06-17 00:41:23.721  INFO 244541 --- [main] org.apache.catalina.core.StandardEngine  : Starting Servlet engine: [Apache Tomcat/9.0.60]
2022-06-17 00:41:24.143  INFO 244541 --- [main] o.a.c.c.C.[Tomcat].[localhost].[/]       : Initializing Spring embedded WebApplicationContext
2022-06-17 00:41:24.143  INFO 244541 --- [main] w.s.c.ServletWebServerApplicationContext : Root WebApplicationContext: initialization completed in 12082 ms
2022-06-17 00:41:25.008  INFO 244541 --- [main] o.hibernate.jpa.internal.util.LogHelper  : HHH000204: Processing PersistenceUnitInfo [name: default]
2022-06-17 00:41:25.172  INFO 244541 --- [main] org.hibernate.Version                    : HHH000412: Hibernate ORM core version 5.6.7.Final
2022-06-17 00:41:25.434  INFO 244541 --- [main] o.hibernate.annotations.common.Version   : HCANN000001: Hibernate Commons Annotations {5.1.2.Final}
2022-06-17 00:41:25.805  INFO 244541 --- [main] com.zaxxer.hikari.HikariDataSource       : HikariPool-1 - Starting...
2022-06-17 00:41:27.642  INFO 244541 --- [main] com.zaxxer.hikari.HikariDataSource       : HikariPool-1 - Start completed.
2022-06-17 00:41:27.710  INFO 244541 --- [main] org.hibernate.dialect.Dialect            : HHH000400: Using dialect: org.hibernate.dialect.SQLServer2012Dialect
2022-06-17 00:41:29.549  INFO 244541 --- [main] o.h.e.t.j.p.i.JtaPlatformInitiator       : HHH000490: Using JtaPlatform implementation: [org.hibernate.engine.transaction.jta.platform.internal.NoJtaPlatform]
2022-06-17 00:41:29.562  INFO 244541 --- [main] j.LocalContainerEntityManagerFactoryBean : Initialized JPA EntityManagerFactory for persistence unit 'default'
2022-06-17 00:41:30.508  WARN 244541 --- [main] JpaBaseConfiguration$JpaWebConfiguration : spring.jpa.open-in-view is enabled by default. Therefore, database queries may be performed during view rendering. Explicitly configure spring.jpa.open-in-view to disable this warning
2022-06-17 00:41:30.804  WARN 244541 --- [main] .s.s.UserDetailsServiceAutoConfiguration : 

Using generated security password: 52e6813c-56f6-41ec-8095-b6141273d59f

This generated password is for development use only. Your security configuration must be updated before running your application in production.

2022-06-17 00:41:31.155  INFO 244541 --- [main] o.s.s.web.DefaultSecurityFilterChain     : Will not secure any request
2022-06-17 00:41:31.973  WARN 244541 --- [main] ion$DefaultTemplateResolverConfiguration : Cannot find template location: classpath:/templates/ (please add some templates or check your Thymeleaf configuration)
2022-06-17 00:41:32.400  INFO 244541 --- [main] o.s.b.w.embedded.tomcat.TomcatWebServer  : Tomcat started on port(s): 8081 (http) with context path ''
2022-06-17 00:41:32.453  INFO 244541 --- [main] com.midd.core.MiddlewareApplication      : Started MiddlewareApplication in 22.701 seconds (JVM running for 25.651)
2022-06-17 00:41:41.193  INFO 244541 --- [http-nio-8081-exec-1] o.a.c.c.C.[Tomcat].[localhost].[/]       : Initializing Spring DispatcherServlet 'dispatcherServlet'
2022-06-17 00:41:41.194  INFO 244541 --- [http-nio-8081-exec-1] o.s.web.servlet.DispatcherServlet        : Initializing Servlet 'dispatcherServlet'
2022-06-17 00:41:41.200  INFO 244541 --- [http-nio-8081-exec-1] o.s.web.servlet.DispatcherServlet        : Completed initialization in 6 ms
2022-06-17 10:14:35.059  INFO 244541 --- [SpringApplicationShutdownHook] j.LocalContainerEntityManagerFactoryBean : Closing JPA EntityManagerFactory for persistence unit 'default'
2022-06-17 10:14:35.120  INFO 244541 --- [SpringApplicationShutdownHook] com.zaxxer.hikari.HikariDataSource       : HikariPool-1 - Shutdown initiated...
2022-06-17 10:14:35.129  INFO 244541 --- [SpringApplicationShutdownHook] com.zaxxer.hikari.HikariDataSource       : HikariPool-1 - Shutdown completed.
2022-06-17 10:14:45.114  INFO 259752 --- [main] com.midd.core.MiddlewareApplication      : Starting MiddlewareApplication using Java 11.0.15 on daniel-Latitude-E6440 with PID 259752 (/home/daniel/TCS/Deploy/middleware_tcs_proyecto-main/Middleware/target/classes started by daniel in /home/daniel/TCS/Deploy/middleware_tcs_proyecto-main/Middleware)
2022-06-17 10:14:45.120  INFO 259752 --- [main] com.midd.core.MiddlewareApplication      : No active profile set, falling back to 1 default profile: "default"
2022-06-17 10:14:46.981  INFO 259752 --- [main] .s.d.r.c.RepositoryConfigurationDelegate : Bootstrapping Spring Data JPA repositories in DEFAULT mode.
2022-06-17 10:14:47.217  INFO 259752 --- [main] .s.d.r.c.RepositoryConfigurationDelegate : Finished Spring Data repository scanning in 212 ms. Found 12 JPA repository interfaces.
2022-06-17 10:14:47.959  INFO 259752 --- [main] trationDelegate$BeanPostProcessorChecker : Bean 'org.springframework.ws.config.annotation.DelegatingWsConfiguration' of type [org.springframework.ws.config.annotation.DelegatingWsConfiguration$$EnhancerBySpringCGLIB$$e07841ad] is not eligible for getting processed by all BeanPostProcessors (for example: not eligible for auto-proxying)
2022-06-17 10:14:48.034  INFO 259752 --- [main] .w.s.a.s.AnnotationActionEndpointMapping : Supporting [WS-Addressing August 2004, WS-Addressing 1.0]
2022-06-17 10:14:48.889  INFO 259752 --- [main] o.s.b.w.embedded.tomcat.TomcatWebServer  : Tomcat initialized with port(s): 8081 (http)
2022-06-17 10:14:48.921  INFO 259752 --- [main] o.apache.catalina.core.StandardService   : Starting service [Tomcat]
2022-06-17 10:14:48.922  INFO 259752 --- [main] org.apache.catalina.core.StandardEngine  : Starting Servlet engine: [Apache Tomcat/9.0.60]
2022-06-17 10:14:49.211  INFO 259752 --- [main] o.a.c.c.C.[Tomcat].[localhost].[/]       : Initializing Spring embedded WebApplicationContext
2022-06-17 10:14:49.211  INFO 259752 --- [main] w.s.c.ServletWebServerApplicationContext : Root WebApplicationContext: initialization completed in 3801 ms
2022-06-17 10:14:49.973  INFO 259752 --- [main] o.hibernate.jpa.internal.util.LogHelper  : HHH000204: Processing PersistenceUnitInfo [name: default]
2022-06-17 10:14:50.160  INFO 259752 --- [main] org.hibernate.Version                    : HHH000412: Hibernate ORM core version 5.6.7.Final
2022-06-17 10:14:50.631  INFO 259752 --- [main] o.hibernate.annotations.common.Version   : HCANN000001: Hibernate Commons Annotations {5.1.2.Final}
2022-06-17 10:14:50.817  INFO 259752 --- [main] com.zaxxer.hikari.HikariDataSource       : HikariPool-1 - Starting...
2022-06-17 10:14:52.291  INFO 259752 --- [main] com.zaxxer.hikari.HikariDataSource       : HikariPool-1 - Start completed.
2022-06-17 10:14:52.365  INFO 259752 --- [main] org.hibernate.dialect.Dialect            : HHH000400: Using dialect: org.hibernate.dialect.SQLServer2012Dialect
2022-06-17 10:14:54.530  INFO 259752 --- [main] o.h.e.t.j.p.i.JtaPlatformInitiator       : HHH000490: Using JtaPlatform implementation: [org.hibernate.engine.transaction.jta.platform.internal.NoJtaPlatform]
2022-06-17 10:14:54.540  INFO 259752 --- [main] j.LocalContainerEntityManagerFactoryBean : Initialized JPA EntityManagerFactory for persistence unit 'default'
2022-06-17 10:14:55.664  WARN 259752 --- [main] JpaBaseConfiguration$JpaWebConfiguration : spring.jpa.open-in-view is enabled by default. Therefore, database queries may be performed during view rendering. Explicitly configure spring.jpa.open-in-view to disable this warning
2022-06-17 10:14:55.951  WARN 259752 --- [main] .s.s.UserDetailsServiceAutoConfiguration : 

Using generated security password: d180ddb1-3fac-47fd-812b-2d6c6e12378e

This generated password is for development use only. Your security configuration must be updated before running your application in production.

2022-06-17 10:14:56.628  INFO 259752 --- [main] o.s.s.web.DefaultSecurityFilterChain     : Will not secure any request
2022-06-17 10:14:57.392  WARN 259752 --- [main] ion$DefaultTemplateResolverConfiguration : Cannot find template location: classpath:/templates/ (please add some templates or check your Thymeleaf configuration)
2022-06-17 10:14:57.807  INFO 259752 --- [main] o.s.b.w.embedded.tomcat.TomcatWebServer  : Tomcat started on port(s): 8081 (http) with context path ''
2022-06-17 10:14:57.827  INFO 259752 --- [main] com.midd.core.MiddlewareApplication      : Started MiddlewareApplication in 13.753 seconds (JVM running for 15.085)
2022-06-17 10:15:29.528  INFO 259752 --- [http-nio-8081-exec-1] o.a.c.c.C.[Tomcat].[localhost].[/]       : Initializing Spring DispatcherServlet 'dispatcherServlet'
2022-06-17 10:15:29.529  INFO 259752 --- [http-nio-8081-exec-1] o.s.web.servlet.DispatcherServlet        : Initializing Servlet 'dispatcherServlet'
2022-06-17 10:15:29.533  INFO 259752 --- [http-nio-8081-exec-1] o.s.web.servlet.DispatcherServlet        : Completed initialization in 3 ms
2022-06-17 10:16:07.781  INFO 259752 --- [SpringApplicationShutdownHook] j.LocalContainerEntityManagerFactoryBean : Closing JPA EntityManagerFactory for persistence unit 'default'
2022-06-17 10:16:07.783  INFO 259752 --- [SpringApplicationShutdownHook] com.zaxxer.hikari.HikariDataSource       : HikariPool-1 - Shutdown initiated...
2022-06-17 10:16:07.843  INFO 259752 --- [SpringApplicationShutdownHook] com.zaxxer.hikari.HikariDataSource       : HikariPool-1 - Shutdown completed.
